0 info it worked if it ends with ok
1 verbose cli [ 'C:\\Program Files\\nodejs\\\\node.exe',
1 verbose cli   'C:\\Program Files\\nodejs\\node_modules\\npm\\bin\\npm-cli.js',
1 verbose cli   'install',
1 verbose cli   'jqueryui' ]
2 info using npm@1.4.28
3 info using node@v0.10.33
4 verbose node symlink C:\Program Files\nodejs\\node.exe
5 warn package.json underscore@1.8.3 No README data
6 verbose readDependencies using package.json deps
7 verbose cache add [ 'jqueryui', null ]
8 verbose cache add name=undefined spec="jqueryui" args=["jqueryui",null]
9 verbose parsed url { protocol: null,
9 verbose parsed url   slashes: null,
9 verbose parsed url   auth: null,
9 verbose parsed url   host: null,
9 verbose parsed url   port: null,
9 verbose parsed url   hostname: null,
9 verbose parsed url   hash: null,
9 verbose parsed url   search: null,
9 verbose parsed url   query: null,
9 verbose parsed url   pathname: 'jqueryui',
9 verbose parsed url   path: 'jqueryui',
9 verbose parsed url   href: 'jqueryui' }
10 silly lockFile b5d01966-jqueryui jqueryui
11 verbose lock jqueryui C:\Users\Nick\AppData\Roaming\npm-cache\b5d01966-jqueryui.lock
12 silly lockFile b5d01966-jqueryui jqueryui
13 silly lockFile b5d01966-jqueryui jqueryui
14 verbose addNamed [ 'jqueryui', '' ]
15 verbose addNamed [ null, '*' ]
16 silly lockFile 7a8dc95f-jqueryui jqueryui@
17 verbose lock jqueryui@ C:\Users\Nick\AppData\Roaming\npm-cache\7a8dc95f-jqueryui.lock
18 silly addNameRange { name: 'jqueryui', range: '*', hasData: false }
19 verbose request where is /jqueryui
20 verbose request registry https://registry.npmjs.org/
21 verbose request id 33a210ede3971fd6
22 verbose url raw /jqueryui
23 verbose url resolving [ 'https://registry.npmjs.org/', './jqueryui' ]
24 verbose url resolved https://registry.npmjs.org/jqueryui
25 verbose request where is https://registry.npmjs.org/jqueryui
26 info trying registry request attempt 1 at 19:58:00
27 http GET https://registry.npmjs.org/jqueryui
28 http 404 https://registry.npmjs.org/jqueryui
29 verbose headers { server: 'CouchDB/1.5.0 (Erlang OTP/R16B03)',
29 verbose headers   'content-type': 'application/json',
29 verbose headers   'cache-control': 'max-age=0',
29 verbose headers   'content-length': '51',
29 verbose headers   'accept-ranges': 'bytes',
29 verbose headers   date: 'Tue, 04 Aug 2015 16:57:59 GMT',
29 verbose headers   via: '1.1 varnish',
29 verbose headers   age: '0',
29 verbose headers   connection: 'keep-alive',
29 verbose headers   'x-served-by': 'cache-fra1222-FRA',
29 verbose headers   'x-cache': 'MISS',
29 verbose headers   'x-cache-hits': '0',
29 verbose headers   'x-timer': 'S1438707479.153604,VS0,VE105' }
30 silly registry.get cb [ 404,
30 silly registry.get   { server: 'CouchDB/1.5.0 (Erlang OTP/R16B03)',
30 silly registry.get     'content-type': 'application/json',
30 silly registry.get     'cache-control': 'max-age=0',
30 silly registry.get     'content-length': '51',
30 silly registry.get     'accept-ranges': 'bytes',
30 silly registry.get     date: 'Tue, 04 Aug 2015 16:57:59 GMT',
30 silly registry.get     via: '1.1 varnish',
30 silly registry.get     age: '0',
30 silly registry.get     connection: 'keep-alive',
30 silly registry.get     'x-served-by': 'cache-fra1222-FRA',
30 silly registry.get     'x-cache': 'MISS',
30 silly registry.get     'x-cache-hits': '0',
30 silly registry.get     'x-timer': 'S1438707479.153604,VS0,VE105' } ]
31 silly lockFile 7a8dc95f-jqueryui jqueryui@
32 silly lockFile 7a8dc95f-jqueryui jqueryui@
33 error 404 404 Not Found: jqueryui
33 error 404
33 error 404 'jqueryui' is not in the npm registry.
33 error 404 You should bug the author to publish it
33 error 404 It was specified as a dependency of 'EShop'
33 error 404
33 error 404 Note that you can also install from a
33 error 404 tarball, folder, or http url, or git url.
34 error System Windows_NT 6.1.7601
35 error command "C:\\Program Files\\nodejs\\\\node.exe" "C:\\Program Files\\nodejs\\node_modules\\npm\\bin\\npm-cli.js" "install" "jqueryui"
36 error cwd C:\Projects\EShop
37 error node -v v0.10.33
38 error npm -v 1.4.28
39 error code E404
40 verbose exit [ 1, true ]
